<?xml version="1.0" encoding="UTF-8"?>
<!-- Generated by org.testng.reporters.JUnitXMLReporter -->
<testsuite ignored="0" hostname="Pavan" failures="0" tests="9" name="Test" time="0.086" errors="0" timestamp="2023-12-22T08:36:16 IST">
  <testcase classname="demo2.Demo5" name="runDemo5" time="0.007"/>
  <testcase classname="demo2.Demo4" name="runDemo4" time="0.001"/>
  <testcase classname="demo2.Akshay" name="runAkshay" time="0.0"/>
  <testcase classname="demo2.Demo3" name="runDemo3" time="0.001"/>
  <testcase classname="demo2.Demo2" name="runDemo2" time="0.002"/>
  <testcase classname="demo2.Demo1" name="runDemo1" time="0.002"/>
  <testcase classname="demo2.Nidhi" name="runNidhi" time="0.002"/>
  <testcase classname="demo2.JenkinsExecution" name="runJenkins" time="0.002"/>
  <testcase classname="demo2.PollScmCheck" name="runPollScm" time="0.002"/>
</testsuite> <!-- Test -->
