<?xml version="1.0" encoding="UTF-8"?>
<testng-results ignored="0" total="1" passed="1" failed="0" skipped="0">
  <reporter-output>
  </reporter-output>
  <suite started-at="2023-12-22T08:31:03 IST" name="Default suite" finished-at="2023-12-22T08:31:03 IST" duration-ms="44">
    <groups>
    </groups>
    <test started-at="2023-12-22T08:31:03 IST" name="Default test" finished-at="2023-12-22T08:31:03 IST" duration-ms="44">
      <class name="demo2.JenkinsExecution">
        <test-method signature="runJenkins()[pri:0, instance:demo2.JenkinsExecution@4d0f2471]" started-at="2023-12-22T08:31:03 IST" name="runJenkins" finished-at="2023-12-22T08:31:03 IST" duration-ms="7" status="PASS">
          <reporter-output>
          </reporter-output>
        </test-method> <!-- runJenkins -->
      </class> <!-- demo2.JenkinsExecution -->
    </test> <!-- Default test -->
  </suite> <!-- Default suite -->
</testng-results>
